  blocks.cpp
C:\IN204\TETRIS_GIT\3D-TETRIS\Tetris_projet\Tetris_projet\blocks.cpp(337,35): warning C4244: 'argument': conversion from 'int' to 'float', possible loss of data
C:\IN204\TETRIS_GIT\3D-TETRIS\Tetris_projet\Tetris_projet\blocks.cpp(337,32): warning C4244: 'argument': conversion from 'int' to 'float', possible loss of data
C:\IN204\TETRIS_GIT\3D-TETRIS\Tetris_projet\Tetris_projet\blocks.cpp(346,38): warning C4244: 'argument': conversion from 'int' to 'float', possible loss of data
C:\IN204\TETRIS_GIT\3D-TETRIS\Tetris_projet\Tetris_projet\blocks.cpp(346,35): warning C4244: 'argument': conversion from 'int' to 'float', possible loss of data
  cube.cpp
  grid.cpp
C:\IN204\TETRIS_GIT\3D-TETRIS\Tetris_projet\Tetris_projet\grid.cpp(34,52): warning C4244: 'argument': conversion from 'int' to 'float', possible loss of data
C:\IN204\TETRIS_GIT\3D-TETRIS\Tetris_projet\Tetris_projet\grid.cpp(34,49): warning C4244: 'argument': conversion from 'int' to 'float', possible loss of data
C:\IN204\TETRIS_GIT\3D-TETRIS\Tetris_projet\Tetris_projet\grid.cpp(34,46): warning C4244: 'argument': conversion from 'int' to 'float', possible loss of data
C:\IN204\TETRIS_GIT\3D-TETRIS\Tetris_projet\Tetris_projet\grid.cpp(84,81): warning C4101: 'aux_x': unreferenced local variable
C:\IN204\TETRIS_GIT\3D-TETRIS\Tetris_projet\Tetris_projet\grid.cpp(84,88): warning C4101: 'aux_z': unreferenced local variable
C:\IN204\TETRIS_GIT\3D-TETRIS\Tetris_projet\Tetris_projet\grid.cpp(125,81): warning C4101: 'aux_x': unreferenced local variable
C:\IN204\TETRIS_GIT\3D-TETRIS\Tetris_projet\Tetris_projet\grid.cpp(125,88): warning C4101: 'aux_z': unreferenced local variable
C:\IN204\TETRIS_GIT\3D-TETRIS\Tetris_projet\Tetris_projet\grid.cpp(167,81): warning C4101: 'aux_x': unreferenced local variable
C:\IN204\TETRIS_GIT\3D-TETRIS\Tetris_projet\Tetris_projet\grid.cpp(167,88): warning C4101: 'aux_z': unreferenced local variable
C:\IN204\TETRIS_GIT\3D-TETRIS\Tetris_projet\Tetris_projet\grid.cpp(219,44): warning C4244: 'argument': conversion from 'int' to 'float', possible loss of data
C:\IN204\TETRIS_GIT\3D-TETRIS\Tetris_projet\Tetris_projet\grid.cpp(223,34): warning C4244: 'argument': conversion from 'int' to 'float', possible loss of data
C:\IN204\TETRIS_GIT\3D-TETRIS\Tetris_projet\Tetris_projet\grid.cpp(309,22): warning C4244: 'argument': conversion from 'int' to 'GLfloat', possible loss of data
C:\IN204\TETRIS_GIT\3D-TETRIS\Tetris_projet\Tetris_projet\grid.cpp(312,31): warning C4244: 'argument': conversion from 'int' to 'GLfloat', possible loss of data
C:\IN204\TETRIS_GIT\3D-TETRIS\Tetris_projet\Tetris_projet\grid.cpp(315,40): warning C4244: 'argument': conversion from 'int' to 'GLfloat', possible loss of data
C:\IN204\TETRIS_GIT\3D-TETRIS\Tetris_projet\Tetris_projet\grid.cpp(324,40): warning C4244: 'argument': conversion from 'int' to 'GLfloat', possible loss of data
C:\IN204\TETRIS_GIT\3D-TETRIS\Tetris_projet\Tetris_projet\grid.cpp(326,31): warning C4244: 'argument': conversion from 'int' to 'GLfloat', possible loss of data
C:\IN204\TETRIS_GIT\3D-TETRIS\Tetris_projet\Tetris_projet\grid.cpp(328,22): warning C4244: 'argument': conversion from 'int' to 'GLfloat', possible loss of data
C:\IN204\TETRIS_GIT\3D-TETRIS\Tetris_projet\Tetris_projet\grid.cpp(335,22): warning C4244: 'argument': conversion from 'int' to 'GLfloat', possible loss of data
C:\IN204\TETRIS_GIT\3D-TETRIS\Tetris_projet\Tetris_projet\grid.cpp(338,31): warning C4244: 'argument': conversion from 'int' to 'GLfloat', possible loss of data
C:\IN204\TETRIS_GIT\3D-TETRIS\Tetris_projet\Tetris_projet\grid.cpp(341,40): warning C4244: 'argument': conversion from 'int' to 'GLfloat', possible loss of data
C:\IN204\TETRIS_GIT\3D-TETRIS\Tetris_projet\Tetris_projet\grid.cpp(349,40): warning C4244: 'argument': conversion from 'int' to 'GLfloat', possible loss of data
C:\IN204\TETRIS_GIT\3D-TETRIS\Tetris_projet\Tetris_projet\grid.cpp(351,31): warning C4244: 'argument': conversion from 'int' to 'GLfloat', possible loss of data
C:\IN204\TETRIS_GIT\3D-TETRIS\Tetris_projet\Tetris_projet\grid.cpp(353,22): warning C4244: 'argument': conversion from 'int' to 'GLfloat', possible loss of data
C:\IN204\TETRIS_GIT\3D-TETRIS\Tetris_projet\Tetris_projet\grid.cpp(360,22): warning C4244: 'argument': conversion from 'int' to 'GLfloat', possible loss of data
C:\IN204\TETRIS_GIT\3D-TETRIS\Tetris_projet\Tetris_projet\grid.cpp(363,31): warning C4244: 'argument': conversion from 'int' to 'GLfloat', possible loss of data
C:\IN204\TETRIS_GIT\3D-TETRIS\Tetris_projet\Tetris_projet\grid.cpp(366,40): warning C4244: 'argument': conversion from 'int' to 'GLfloat', possible loss of data
C:\IN204\TETRIS_GIT\3D-TETRIS\Tetris_projet\Tetris_projet\grid.cpp(375,40): warning C4244: 'argument': conversion from 'int' to 'GLfloat', possible loss of data
C:\IN204\TETRIS_GIT\3D-TETRIS\Tetris_projet\Tetris_projet\grid.cpp(377,31): warning C4244: 'argument': conversion from 'int' to 'GLfloat', possible loss of data
C:\IN204\TETRIS_GIT\3D-TETRIS\Tetris_projet\Tetris_projet\grid.cpp(379,22): warning C4244: 'argument': conversion from 'int' to 'GLfloat', possible loss of data
  main.cpp
  manager.cpp
  menu.cpp
  player.cpp
  text.cpp
  Generating Code...
  Tetris_projet.vcxproj -> C:\IN204\TETRIS_GIT\3D-TETRIS\Tetris_projet\Debug\Tetris_projet.exe
